<?xml version="1.0" encoding="UTF-8"?>
<testsuite name="com.kotlinspring.controller.GreetingControllerUnitTest" tests="1" skipped="0" failures="0" errors="0" timestamp="2024-12-23T16:44:05" hostname="MacBook-Pro.home" time="1.108">
  <properties/>
  <testcase name="retrieveGreeting()" classname="com.kotlinspring.controller.GreetingControllerUnitTest" time="1.108"/>
  <system-out><![CDATA[18:43:58.893 [Test worker] DEBUG org.springframework.test.context.BootstrapUtils - Instantiating CacheAwareContextLoaderDelegate from class [org.springframework.test.context.cache.DefaultCacheAwareContextLoaderDelegate]
18:43:58.913 [Test worker] DEBUG org.springframework.test.context.BootstrapUtils - Instantiating BootstrapContext using constructor [public org.springframework.test.context.support.DefaultBootstrapContext(java.lang.Class,org.springframework.test.context.CacheAwareContextLoaderDelegate)]
18:43:58.979 [Test worker] DEBUG org.springframework.test.context.BootstrapUtils - Instantiating TestContextBootstrapper for test class [com.kotlinspring.controller.GreetingControllerUnitTest] from class [org.springframework.boot.test.autoconfigure.web.servlet.WebMvcTestContextBootstrapper]
18:43:59.001 [Test worker] INFO org.springframework.boot.test.autoconfigure.web.servlet.WebMvcTestContextBootstrapper - Neither @ContextConfiguration nor @ContextHierarchy found for test class [com.kotlinspring.controller.GreetingControllerUnitTest], using SpringBootContextLoader
18:43:59.007 [Test worker] DEBUG org.springframework.test.context.support.AbstractContextLoader - Did not detect default resource location for test class [com.kotlinspring.controller.GreetingControllerUnitTest]: class path resource [com/kotlinspring/controller/GreetingControllerUnitTest-context.xml] does not exist
18:43:59.008 [Test worker] DEBUG org.springframework.test.context.support.AbstractContextLoader - Did not detect default resource location for test class [com.kotlinspring.controller.GreetingControllerUnitTest]: class path resource [com/kotlinspring/controller/GreetingControllerUnitTestContext.groovy] does not exist
18:43:59.009 [Test worker] INFO org.springframework.test.context.support.AbstractContextLoader - Could not detect default resource locations for test class [com.kotlinspring.controller.GreetingControllerUnitTest]: no resource found for suffixes {-context.xml, Context.groovy}.
18:43:59.010 [Test worker] INFO org.springframework.test.context.support.AnnotationConfigContextLoaderUtils - Could not detect default configuration classes for test class [com.kotlinspring.controller.GreetingControllerUnitTest]: GreetingControllerUnitTest does not declare any static, non-private, non-final, nested classes annotated with @Configuration.
18:43:59.206 [Test worker] DEBUG org.springframework.test.context.support.ActiveProfilesUtils - Could not find an 'annotation declaring class' for annotation type [org.springframework.test.context.ActiveProfiles] and class [com.kotlinspring.controller.GreetingControllerUnitTest]
18:43:59.333 [Test worker] DEBUG org.springframework.context.annotation.ClassPathScanningCandidateComponentProvider - Identified candidate component class: file [/Users/tomppa/Projects/udemy_courses/kotlin_springboot/course-catalog-service/build/classes/kotlin/main/com/kotlinspring/CourseCatalogServiceApplication.class]
18:43:59.336 [Test worker] INFO org.springframework.boot.test.context.SpringBootTestContextBootstrapper - Found @SpringBootConfiguration com.kotlinspring.CourseCatalogServiceApplication for test class com.kotlinspring.controller.GreetingControllerUnitTest
18:43:59.340 [Test worker] DEBUG org.springframework.boot.test.autoconfigure.web.servlet.WebMvcTestContextBootstrapper - @TestExecutionListeners is not present for class [com.kotlinspring.controller.GreetingControllerUnitTest]: using defaults.
18:43:59.341 [Test worker] INFO org.springframework.boot.test.autoconfigure.web.servlet.WebMvcTestContextBootstrapper - Loaded default TestExecutionListener class names from location [META-INF/spring.factories]: [com.ninjasquad.springmockk.MockkTestExecutionListener, com.ninjasquad.springmockk.ClearMocksTestExecutionListener, org.springframework.boot.test.autoconfigure.restdocs.RestDocsTestExecutionListener, org.springframework.boot.test.autoconfigure.web.client.MockRestServiceServerResetTestExecutionListener, org.springframework.boot.test.autoconfigure.web.servlet.MockMvcPrintOnlyOnFailureTestExecutionListener, org.springframework.boot.test.autoconfigure.web.servlet.WebDriverTestExecutionListener, org.springframework.boot.test.autoconfigure.webservices.client.MockWebServiceServerTestExecutionListener, org.springframework.boot.test.mock.mockito.MockitoTestExecutionListener, org.springframework.boot.test.mock.mockito.ResetMocksTestExecutionListener, org.springframework.test.context.web.ServletTestExecutionListener, org.springframework.test.context.support.DirtiesContextBeforeModesTestExecutionListener, org.springframework.test.context.event.ApplicationEventsTestExecutionListener, org.springframework.test.context.support.DependencyInjectionTestExecutionListener, org.springframework.test.context.support.DirtiesContextTestExecutionListener, org.springframework.test.context.transaction.TransactionalTestExecutionListener, org.springframework.test.context.jdbc.SqlScriptsTestExecutionListener, org.springframework.test.context.event.EventPublishingTestExecutionListener]
18:43:59.740 [Test worker] INFO org.springframework.boot.test.autoconfigure.web.servlet.WebMvcTestContextBootstrapper - Using TestExecutionListeners: [org.springframework.test.context.web.ServletTestExecutionListener@80aaf95, org.springframework.test.context.support.DirtiesContextBeforeModesTestExecutionListener@205d5979, org.springframework.test.context.event.ApplicationEventsTestExecutionListener@308691e2, com.ninjasquad.springmockk.MockkTestExecutionListener@13794319, org.springframework.boot.test.mock.mockito.MockitoTestExecutionListener@4ed230e4, org.springframework.boot.test.autoconfigure.SpringBootDependencyInjectionTestExecutionListener@48e2ed6, org.springframework.test.context.support.DirtiesContextTestExecutionListener@83a624, org.springframework.test.context.transaction.TransactionalTestExecutionListener@593b4ca6, org.springframework.test.context.jdbc.SqlScriptsTestExecutionListener@6311275, org.springframework.test.context.event.EventPublishingTestExecutionListener@73bc64fb, com.ninjasquad.springmockk.ClearMocksTestExecutionListener@6e134e2e, org.springframework.boot.test.autoconfigure.restdocs.RestDocsTestExecutionListener@6d4e7136, org.springframework.boot.test.autoconfigure.web.client.MockRestServiceServerResetTestExecutionListener@63e27450, org.springframework.boot.test.autoconfigure.web.servlet.MockMvcPrintOnlyOnFailureTestExecutionListener@73694f6b, org.springframework.boot.test.autoconfigure.web.servlet.WebDriverTestExecutionListener@77f0d16, org.springframework.boot.test.autoconfigure.webservices.client.MockWebServiceServerTestExecutionListener@19261b0e, org.springframework.boot.test.mock.mockito.ResetMocksTestExecutionListener@6996ac8e]
18:43:59.747 [Test worker] DEBUG org.springframework.test.context.support.AbstractDirtiesContextTestExecutionListener - Before test class: context [DefaultTestContext@7e111281 testClass = GreetingControllerUnitTest, testInstance = [null], testMethod = [null], testException = [null], mergedContextConfiguration = [WebMergedContextConfiguration@9b2745b testClass = GreetingControllerUnitTest, locations = '{}', classes = '{class com.kotlinspring.CourseCatalogServiceApplication}', contextInitializerClasses = '[]', activeProfiles = '{}', propertySourceLocations = '{}', propertySourceProperties = '{org.springframework.boot.test.autoconfigure.web.servlet.WebMvcTestContextBootstrapper=true}', contextCustomizers = set[MockkContextCustomizer(definitions=[[MockkDefinition@2747c43f name = [null], typeToMock = com.kotlinspring.service.GreetingService, extraInterfaces = set[[empty]], clear = AFTER]]), org.springframework.boot.test.autoconfigure.OverrideAutoConfigurationContextCustomizerFactory$DisableAutoConfigurationContextCustomizer@77e33eca, org.springframework.boot.test.autoconfigure.actuate.metrics.MetricsExportContextCustomizerFactory$DisableMetricExportContextCustomizer@648e33d5, org.springframework.boot.test.autoconfigure.filter.TypeExcludeFiltersContextCustomizer@e0c2812d, org.springframework.boot.test.autoconfigure.properties.PropertyMappingContextCustomizer@d0d75767, org.springframework.boot.test.autoconfigure.web.servlet.WebDriverContextCustomizerFactory$Customizer@20c6ea3, [ImportsContextCustomizer@44865fbc key = [org.springframework.boot.autoconfigure.cache.CacheAutoConfiguration, org.springframework.boot.autoconfigure.context.MessageSourceAutoConfiguration, org.springframework.boot.autoconfigure.data.web.SpringDataWebAutoConfiguration, org.springframework.boot.autoconfigure.freemarker.FreeMarkerAutoConfiguration, org.springframework.boot.autoconfigure.groovy.template.GroovyTemplateAutoConfiguration, org.springframework.boot.autoconfigure.gson.GsonAutoConfiguration, org.springframework.boot.autoconfigure.hateoas.HypermediaAutoConfiguration, org.springframework.boot.autoconfigure.http.HttpMessageConvertersAutoConfiguration, org.springframework.boot.autoconfigure.jackson.JacksonAutoConfiguration, org.springframework.boot.autoconfigure.jsonb.JsonbAutoConfiguration, org.springframework.boot.autoconfigure.mustache.MustacheAutoConfiguration, org.springframework.boot.autoconfigure.task.TaskExecutionAutoConfiguration, org.springframework.boot.autoconfigure.thymeleaf.ThymeleafAutoConfiguration, org.springframework.boot.autoconfigure.validation.ValidationAutoConfiguration, org.springframework.boot.autoconfigure.web.servlet.error.ErrorMvcAutoConfiguration, org.springframework.boot.autoconfigure.web.servlet.HttpEncodingAutoConfiguration, org.springframework.boot.autoconfigure.web.servlet.WebMvcAutoConfiguration, org.springframework.boot.test.autoconfigure.web.servlet.MockMvcAutoConfiguration, org.springframework.boot.test.autoconfigure.web.servlet.MockMvcWebClientAutoConfiguration, org.springframework.boot.test.autoconfigure.web.servlet.MockMvcWebDriverAutoConfiguration, org.springframework.boot.autoconfigure.security.oauth2.client.servlet.OAuth2ClientAutoConfiguration, org.springframework.boot.autoconfigure.security.oauth2.resource.servlet.OAuth2ResourceServerAutoConfiguration, org.springframework.boot.autoconfigure.security.servlet.SecurityAutoConfiguration, org.springframework.boot.autoconfigure.security.servlet.SecurityFilterAutoConfiguration, org.springframework.boot.autoconfigure.security.servlet.UserDetailsServiceAutoConfiguration, org.springframework.boot.test.autoconfigure.web.servlet.MockMvcSecurityConfiguration, org.springframework.boot.test.autoconfigure.web.reactive.WebTestClientAutoConfiguration, org.springframework.boot.autoconfigure.security.oauth2.client.reactive.ReactiveOAuth2ClientAutoConfiguration, org.springframework.boot.autoconfigure.security.oauth2.resource.reactive.ReactiveOAuth2ResourceServerAutoConfiguration, org.springframework.boot.autoconfigure.security.reactive.ReactiveSecurityAutoConfiguration, org.springframework.boot.autoconfigure.security.reactive.ReactiveUserDetailsServiceAutoConfiguration]], org.springframework.boot.test.context.filter.ExcludeFilterContextCustomizer@20130020, org.springframework.boot.test.json.DuplicateJsonObjectContextCustomizerFactory$DuplicateJsonObjectContextCustomizer@5989da27, org.springframework.boot.test.mock.mockito.MockitoContextCustomizer@0, org.springframework.boot.test.context.SpringBootTestArgs@1, org.springframework.boot.test.context.SpringBootTestWebEnvironment@0], resourceBasePath = 'src/main/webapp', contextLoader = 'org.springframework.boot.test.context.SpringBootContextLoader', parent = [null]], attributes = map[[empty]]], class annotated with @DirtiesContext [false] with mode [null].

  .   ____          _            __ _ _
 /\\ / ___'_ __ _ _(_)_ __  __ _ \ \ \ \
( ( )\___ | '_ | '_| | '_ \/ _` | \ \ \ \
 \\/  ___)| |_)| | | | | || (_| |  ) ) ) )
  '  |____| .__|_| |_|_| |_\__, | / / / /
 =========|_|==============|___/=/_/_/_/
 :: Spring Boot ::                (v2.6.3)

2024-12-23 18:44:00.674  INFO 2852 --- [    Test worker] c.k.c.GreetingControllerUnitTest         : Starting GreetingControllerUnitTest using Java 11.0.25 on MacBook-Pro.home with PID 2852 (started by tomppa in /Users/tomppa/Projects/udemy_courses/kotlin_springboot/course-catalog-service)
2024-12-23 18:44:00.675  INFO 2852 --- [    Test worker] c.k.c.GreetingControllerUnitTest         : No active profile set, falling back to default profiles: default
2024-12-23 18:44:05.410  INFO 2852 --- [    Test worker] o.s.b.t.m.w.SpringBootMockServletContext : Initializing Spring TestDispatcherServlet ''
2024-12-23 18:44:05.411  INFO 2852 --- [    Test worker] o.s.t.web.servlet.TestDispatcherServlet  : Initializing Servlet ''
2024-12-23 18:44:05.414  INFO 2852 --- [    Test worker] o.s.t.web.servlet.TestDispatcherServlet  : Completed initialization in 3 ms
2024-12-23 18:44:05.730  INFO 2852 --- [    Test worker] c.k.c.GreetingControllerUnitTest         : Started GreetingControllerUnitTest in 5.744 seconds (JVM running for 8.22)
2024-12-23 18:44:06.784  INFO 2852 --- [    Test worker] c.k.controller.GreetingController        : Name is Tomi
]]></system-out>
  <system-err><![CDATA[]]></system-err>
</testsuite>
